{"/home/andrey/programming/projects/TraineeProject/components/AccountPage/AccountPage.tsx": {"path":"/home/andrey/programming/projects/TraineeProject/components/AccountPage/AccountPage.tsx","statementMap":{"0":{"start":{"line":1,"column":0},"end":{"line":1,"column":null}},"1":{"start":{"line":2,"column":0},"end":{"line":2,"column":null}},"2":{"start":{"line":3,"column":0},"end":{"line":3,"column":null}},"3":{"start":{"line":4,"column":0},"end":{"line":4,"column":null}},"4":{"start":{"line":5,"column":0},"end":{"line":5,"column":null}},"5":{"start":{"line":7,"column":30},"end":{"line":32,"column":null}},"6":{"start":{"line":8,"column":19},"end":{"line":8,"column":31}},"7":{"start":{"line":8,"column":46},"end":{"line":8,"column":null}},"8":{"start":{"line":9,"column":2},"end":{"line":9,"column":null}},"9":{"start":{"line":34,"column":0},"end":{"line":34,"column":15}}},"fnMap":{"0":{"name":"(anonymous_0)","decl":{"start":{"line":7,"column":30},"end":{"line":7,"column":35}},"loc":{"start":{"line":7,"column":35},"end":{"line":32,"column":null}}},"1":{"name":"(anonymous_1)","decl":{"start":{"line":8,"column":32},"end":{"line":8,"column":46}},"loc":{"start":{"line":8,"column":46},"end":{"line":8,"column":null}}}},"branchMap":{},"s":{"0":2,"1":2,"2":2,"3":2,"4":2,"5":2,"6":0,"7":0,"8":0,"9":2},"f":{"0":0,"1":0},"b":{}}
,"/home/andrey/programming/projects/TraineeProject/components/AccountPage/styledComponent.ts": {"path":"/home/andrey/programming/projects/TraineeProject/components/AccountPage/styledComponent.ts","statementMap":{"0":{"start":{"line":1,"column":0},"end":{"line":1,"column":null}},"1":{"start":{"line":2,"column":0},"end":{"line":2,"column":null}},"2":{"start":{"line":4,"column":13},"end":{"line":4,"column":27}},"3":{"start":{"line":12,"column":13},"end":{"line":12,"column":37}},"4":{"start":{"line":21,"column":13},"end":{"line":21,"column":30}},"5":{"start":{"line":30,"column":13},"end":{"line":30,"column":27}},"6":{"start":{"line":40,"column":13},"end":{"line":40,"column":33}},"7":{"start":{"line":47,"column":13},"end":{"line":47,"column":40}},"8":{"start":{"line":52,"column":13},"end":{"line":52,"column":31}},"9":{"start":{"line":60,"column":13},"end":{"line":60,"column":36}},"10":{"start":{"line":66,"column":13},"end":{"line":66,"column":27}},"11":{"start":{"line":72,"column":13},"end":{"line":72,"column":34}},"12":{"start":{"line":79,"column":13},"end":{"line":79,"column":28}}},"fnMap":{},"branchMap":{},"s":{"0":2,"1":2,"2":2,"3":2,"4":2,"5":2,"6":2,"7":2,"8":2,"9":2,"10":2,"11":2,"12":2},"f":{},"b":{}}
,"/home/andrey/programming/projects/TraineeProject/components/AuthPage/AuthPage.tsx": {"path":"/home/andrey/programming/projects/TraineeProject/components/AuthPage/AuthPage.tsx","statementMap":{"0":{"start":{"line":1,"column":0},"end":{"line":1,"column":null}},"1":{"start":{"line":2,"column":0},"end":{"line":2,"column":null}},"2":{"start":{"line":3,"column":0},"end":{"line":3,"column":null}},"3":{"start":{"line":5,"column":27},"end":{"line":6,"column":9}},"4":{"start":{"line":6,"column":8},"end":{"line":6,"column":9}},"5":{"start":{"line":14,"column":0},"end":{"line":14,"column":15}}},"fnMap":{"0":{"name":"(anonymous_0)","decl":{"start":{"line":5,"column":27},"end":{"line":5,"column":null}},"loc":{"start":{"line":6,"column":8},"end":{"line":6,"column":9}}}},"branchMap":{},"s":{"0":2,"1":2,"2":2,"3":2,"4":0,"5":2},"f":{"0":0},"b":{}}
,"/home/andrey/programming/projects/TraineeProject/components/AuthPage/styledComponent.ts": {"path":"/home/andrey/programming/projects/TraineeProject/components/AuthPage/styledComponent.ts","statementMap":{"0":{"start":{"line":1,"column":0},"end":{"line":1,"column":null}},"1":{"start":{"line":2,"column":0},"end":{"line":2,"column":null}},"2":{"start":{"line":4,"column":13},"end":{"line":4,"column":24}},"3":{"start":{"line":12,"column":13},"end":{"line":12,"column":34}},"4":{"start":{"line":21,"column":13},"end":{"line":21,"column":27}},"5":{"start":{"line":27,"column":13},"end":{"line":27,"column":28}}},"fnMap":{},"branchMap":{},"s":{"0":2,"1":2,"2":2,"3":2,"4":2,"5":2},"f":{},"b":{}}
,"/home/andrey/programming/projects/TraineeProject/components/Header/Header.tsx": {"path":"/home/andrey/programming/projects/TraineeProject/components/Header/Header.tsx","statementMap":{"0":{"start":{"line":1,"column":0},"end":{"line":1,"column":null}},"1":{"start":{"line":2,"column":0},"end":{"line":2,"column":null}},"2":{"start":{"line":3,"column":0},"end":{"line":3,"column":null}},"3":{"start":{"line":4,"column":0},"end":{"line":4,"column":null}},"4":{"start":{"line":5,"column":0},"end":{"line":5,"column":null}},"5":{"start":{"line":6,"column":0},"end":{"line":6,"column":null}},"6":{"start":{"line":7,"column":0},"end":{"line":7,"column":null}},"7":{"start":{"line":8,"column":0},"end":{"line":8,"column":null}},"8":{"start":{"line":9,"column":0},"end":{"line":9,"column":null}},"9":{"start":{"line":11,"column":16},"end":{"line":103,"column":null}},"10":{"start":{"line":12,"column":19},"end":{"line":12,"column":null}},"11":{"start":{"line":14,"column":29},"end":{"line":14,"column":42}},"12":{"start":{"line":14,"column":35},"end":{"line":14,"column":42}},"13":{"start":{"line":15,"column":29},"end":{"line":15,"column":42}},"14":{"start":{"line":15,"column":35},"end":{"line":15,"column":42}},"15":{"start":{"line":17,"column":17},"end":{"line":21,"column":null}},"16":{"start":{"line":18,"column":4},"end":{"line":18,"column":11}},"17":{"start":{"line":19,"column":4},"end":{"line":19,"column":12}},"18":{"start":{"line":20,"column":4},"end":{"line":20,"column":11}},"19":{"start":{"line":23,"column":26},"end":{"line":33,"column":null}},"20":{"start":{"line":24,"column":4},"end":{"line":32,"column":null}},"21":{"start":{"line":25,"column":25},"end":{"line":25,"column":null}},"22":{"start":{"line":29,"column":6},"end":{"line":29,"column":13}},"23":{"start":{"line":30,"column":6},"end":{"line":30,"column":14}},"24":{"start":{"line":31,"column":6},"end":{"line":31,"column":16}},"25":{"start":{"line":35,"column":28},"end":{"line":46,"column":null}},"26":{"start":{"line":36,"column":4},"end":{"line":36,"column":11}},"27":{"start":{"line":37,"column":4},"end":{"line":45,"column":null}},"28":{"start":{"line":38,"column":25},"end":{"line":38,"column":null}},"29":{"start":{"line":42,"column":6},"end":{"line":42,"column":13}},"30":{"start":{"line":43,"column":6},"end":{"line":43,"column":14}},"31":{"start":{"line":44,"column":6},"end":{"line":44,"column":16}},"32":{"start":{"line":48,"column":26},"end":{"line":94,"column":null}},"33":{"start":{"line":49,"column":4},"end":{"line":49,"column":12}},"34":{"start":{"line":50,"column":19},"end":{"line":50,"column":null}},"35":{"start":{"line":69,"column":19},"end":{"line":69,"column":null}},"36":{"start":{"line":87,"column":22},"end":{"line":87,"column":29}},"37":{"start":{"line":96,"column":2},"end":{"line":96,"column":null}},"38":{"start":{"line":105,"column":0},"end":{"line":105,"column":15}}},"fnMap":{"0":{"name":"(anonymous_0)","decl":{"start":{"line":11,"column":16},"end":{"line":11,"column":30}},"loc":{"start":{"line":11,"column":30},"end":{"line":103,"column":null}}},"1":{"name":"(anonymous_1)","decl":{"start":{"line":14,"column":29},"end":{"line":14,"column":35}},"loc":{"start":{"line":14,"column":35},"end":{"line":14,"column":42}}},"2":{"name":"(anonymous_2)","decl":{"start":{"line":15,"column":29},"end":{"line":15,"column":35}},"loc":{"start":{"line":15,"column":35},"end":{"line":15,"column":42}}},"3":{"name":"(anonymous_3)","decl":{"start":{"line":17,"column":17},"end":{"line":17,"column":22}},"loc":{"start":{"line":17,"column":22},"end":{"line":21,"column":null}}},"4":{"name":"(anonymous_4)","decl":{"start":{"line":23,"column":26},"end":{"line":23,"column":43}},"loc":{"start":{"line":23,"column":43},"end":{"line":33,"column":null}}},"5":{"name":"(anonymous_5)","decl":{"start":{"line":35,"column":28},"end":{"line":35,"column":45}},"loc":{"start":{"line":35,"column":45},"end":{"line":46,"column":null}}},"6":{"name":"(anonymous_6)","decl":{"start":{"line":48,"column":26},"end":{"line":48,"column":42}},"loc":{"start":{"line":48,"column":42},"end":{"line":94,"column":null}}}},"branchMap":{"0":{"loc":{"start":{"line":24,"column":4},"end":{"line":32,"column":null}},"type":"if","locations":[{"start":{"line":24,"column":4},"end":{"line":32,"column":null}},{"start":{"line":24,"column":4},"end":{"line":32,"column":null}}]},"1":{"loc":{"start":{"line":31,"column":24},"end":{"line":31,"column":31}},"type":"cond-expr","locations":[{"start":{"line":31,"column":24},"end":{"line":31,"column":31}},{"start":{"line":31,"column":47},"end":{"line":31,"column":null}}]},"2":{"loc":{"start":{"line":37,"column":4},"end":{"line":45,"column":null}},"type":"if","locations":[{"start":{"line":37,"column":4},"end":{"line":45,"column":null}},{"start":{"line":37,"column":4},"end":{"line":45,"column":null}}]},"3":{"loc":{"start":{"line":44,"column":24},"end":{"line":44,"column":31}},"type":"cond-expr","locations":[{"start":{"line":44,"column":24},"end":{"line":44,"column":31}},{"start":{"line":44,"column":47},"end":{"line":44,"column":null}}]},"4":{"loc":{"start":{"line":50,"column":6},"end":{"line":50,"column":null}},"type":"switch","locations":[{"start":{"line":50,"column":6},"end":{"line":50,"column":null}},{"start":{"line":69,"column":6},"end":{"line":69,"column":null}},{"start":{"line":87,"column":6},"end":{"line":87,"column":29}}]}},"s":{"0":6,"1":6,"2":6,"3":6,"4":6,"5":6,"6":6,"7":6,"8":6,"9":6,"10":0,"11":0,"12":0,"13":0,"14":0,"15":0,"16":0,"17":0,"18":0,"19":0,"20":0,"21":0,"22":0,"23":0,"24":0,"25":0,"26":0,"27":0,"28":0,"29":0,"30":0,"31":0,"32":0,"33":0,"34":0,"35":0,"36":0,"37":0,"38":6},"f":{"0":0,"1":0,"2":0,"3":0,"4":0,"5":0,"6":0},"b":{"0":[0,0],"1":[0,0],"2":[0,0],"3":[0,0],"4":[0,0,0]}}
,"/home/andrey/programming/projects/TraineeProject/components/Header/styledComponent.ts": {"path":"/home/andrey/programming/projects/TraineeProject/components/Header/styledComponent.ts","statementMap":{"0":{"start":{"line":1,"column":0},"end":{"line":1,"column":null}},"1":{"start":{"line":2,"column":0},"end":{"line":2,"column":null}},"2":{"start":{"line":4,"column":13},"end":{"line":4,"column":28}},"3":{"start":{"line":10,"column":13},"end":{"line":10,"column":28}},"4":{"start":{"line":15,"column":13},"end":{"line":15,"column":26}}},"fnMap":{},"branchMap":{},"s":{"0":6,"1":6,"2":6,"3":6,"4":6},"f":{},"b":{}}
,"/home/andrey/programming/projects/TraineeProject/components/Item/Item.tsx": {"path":"/home/andrey/programming/projects/TraineeProject/components/Item/Item.tsx","statementMap":{"0":{"start":{"line":1,"column":0},"end":{"line":1,"column":null}},"1":{"start":{"line":2,"column":0},"end":{"line":2,"column":null}},"2":{"start":{"line":10,"column":14},"end":{"line":11,"column":5}},"3":{"start":{"line":11,"column":4},"end":{"line":11,"column":5}},"4":{"start":{"line":21,"column":0},"end":{"line":21,"column":15}}},"fnMap":{"0":{"name":"(anonymous_0)","decl":{"start":{"line":10,"column":14},"end":{"line":10,"column":null}},"loc":{"start":{"line":11,"column":4},"end":{"line":11,"column":5}}}},"branchMap":{},"s":{"0":3,"1":3,"2":3,"3":0,"4":3},"f":{"0":0},"b":{}}
,"/home/andrey/programming/projects/TraineeProject/components/ListPage/ListPage.tsx": {"path":"/home/andrey/programming/projects/TraineeProject/components/ListPage/ListPage.tsx","statementMap":{"0":{"start":{"line":1,"column":0},"end":{"line":1,"column":null}},"1":{"start":{"line":2,"column":0},"end":{"line":2,"column":null}},"2":{"start":{"line":3,"column":0},"end":{"line":3,"column":null}},"3":{"start":{"line":4,"column":0},"end":{"line":4,"column":null}},"4":{"start":{"line":5,"column":0},"end":{"line":5,"column":null}},"5":{"start":{"line":7,"column":27},"end":{"line":22,"column":null}},"6":{"start":{"line":8,"column":2},"end":{"line":8,"column":null}},"7":{"start":{"line":15,"column":28},"end":{"line":15,"column":29}},"8":{"start":{"line":24,"column":0},"end":{"line":24,"column":15}}},"fnMap":{"0":{"name":"(anonymous_0)","decl":{"start":{"line":7,"column":27},"end":{"line":7,"column":32}},"loc":{"start":{"line":7,"column":32},"end":{"line":22,"column":null}}},"1":{"name":"(anonymous_1)","decl":{"start":{"line":14,"column":35},"end":{"line":14,"column":39}},"loc":{"start":{"line":15,"column":28},"end":{"line":15,"column":29}}}},"branchMap":{},"s":{"0":2,"1":2,"2":2,"3":2,"4":2,"5":2,"6":0,"7":0,"8":2},"f":{"0":0,"1":0},"b":{}}
,"/home/andrey/programming/projects/TraineeProject/components/ListPage/styledComponent.ts": {"path":"/home/andrey/programming/projects/TraineeProject/components/ListPage/styledComponent.ts","statementMap":{"0":{"start":{"line":1,"column":0},"end":{"line":1,"column":null}},"1":{"start":{"line":2,"column":0},"end":{"line":2,"column":null}},"2":{"start":{"line":4,"column":13},"end":{"line":4,"column":26}},"3":{"start":{"line":13,"column":13},"end":{"line":13,"column":24}},"4":{"start":{"line":21,"column":13},"end":{"line":21,"column":34}},"5":{"start":{"line":30,"column":13},"end":{"line":30,"column":27}}},"fnMap":{},"branchMap":{},"s":{"0":2,"1":2,"2":2,"3":2,"4":2,"5":2},"f":{},"b":{}}
,"/home/andrey/programming/projects/TraineeProject/mockdata/users.ts": {"path":"/home/andrey/programming/projects/TraineeProject/mockdata/users.ts","statementMap":{"0":{"start":{"line":1,"column":0},"end":{"line":1,"column":15}}},"fnMap":{},"branchMap":{},"s":{"0":2},"f":{},"b":{}}
,"/home/andrey/programming/projects/TraineeProject/pages/account.tsx": {"path":"/home/andrey/programming/projects/TraineeProject/pages/account.tsx","statementMap":{"0":{"start":{"line":1,"column":0},"end":{"line":1,"column":null}},"1":{"start":{"line":2,"column":0},"end":{"line":2,"column":null}},"2":{"start":{"line":4,"column":35},"end":{"line":4,"column":42}},"3":{"start":{"line":4,"column":41},"end":{"line":4,"column":42}},"4":{"start":{"line":6,"column":0},"end":{"line":6,"column":15}}},"fnMap":{"0":{"name":"(anonymous_0)","decl":{"start":{"line":4,"column":35},"end":{"line":4,"column":41}},"loc":{"start":{"line":4,"column":41},"end":{"line":4,"column":42}}}},"branchMap":{},"s":{"0":1,"1":1,"2":1,"3":1,"4":1},"f":{"0":1},"b":{}}
,"/home/andrey/programming/projects/TraineeProject/pages/auth.tsx": {"path":"/home/andrey/programming/projects/TraineeProject/pages/auth.tsx","statementMap":{"0":{"start":{"line":1,"column":0},"end":{"line":1,"column":null}},"1":{"start":{"line":2,"column":0},"end":{"line":2,"column":null}},"2":{"start":{"line":3,"column":23},"end":{"line":3,"column":31}},"3":{"start":{"line":3,"column":30},"end":{"line":3,"column":31}},"4":{"start":{"line":4,"column":0},"end":{"line":4,"column":15}}},"fnMap":{"0":{"name":"(anonymous_0)","decl":{"start":{"line":3,"column":23},"end":{"line":3,"column":30}},"loc":{"start":{"line":3,"column":30},"end":{"line":3,"column":31}}}},"branchMap":{},"s":{"0":1,"1":1,"2":1,"3":1,"4":1},"f":{"0":1},"b":{}}
,"/home/andrey/programming/projects/TraineeProject/pages/list.tsx": {"path":"/home/andrey/programming/projects/TraineeProject/pages/list.tsx","statementMap":{"0":{"start":{"line":1,"column":0},"end":{"line":1,"column":null}},"1":{"start":{"line":2,"column":0},"end":{"line":2,"column":null}},"2":{"start":{"line":4,"column":32},"end":{"line":4,"column":39}},"3":{"start":{"line":4,"column":38},"end":{"line":4,"column":39}},"4":{"start":{"line":6,"column":0},"end":{"line":6,"column":15}}},"fnMap":{"0":{"name":"(anonymous_0)","decl":{"start":{"line":4,"column":32},"end":{"line":4,"column":38}},"loc":{"start":{"line":4,"column":38},"end":{"line":4,"column":39}}}},"branchMap":{},"s":{"0":1,"1":1,"2":1,"3":1,"4":1},"f":{"0":1},"b":{}}
,"/home/andrey/programming/projects/TraineeProject/redux/configureStore.ts": {"path":"/home/andrey/programming/projects/TraineeProject/redux/configureStore.ts","statementMap":{"0":{"start":{"line":1,"column":0},"end":{"line":1,"column":null}},"1":{"start":{"line":2,"column":0},"end":{"line":2,"column":null}},"2":{"start":{"line":3,"column":0},"end":{"line":3,"column":null}},"3":{"start":{"line":4,"column":0},"end":{"line":4,"column":null}},"4":{"start":{"line":5,"column":0},"end":{"line":5,"column":null}},"5":{"start":{"line":7,"column":23},"end":{"line":7,"column":null}},"6":{"start":{"line":9,"column":23},"end":{"line":13,"column":null}},"7":{"start":{"line":10,"column":16},"end":{"line":10,"column":28}},"8":{"start":{"line":11,"column":2},"end":{"line":11,"column":16}},"9":{"start":{"line":12,"column":2},"end":{"line":12,"column":9}},"10":{"start":{"line":15,"column":0},"end":{"line":15,"column":15}}},"fnMap":{"0":{"name":"(anonymous_0)","decl":{"start":{"line":9,"column":23},"end":{"line":9,"column":28}},"loc":{"start":{"line":9,"column":28},"end":{"line":13,"column":null}}}},"branchMap":{},"s":{"0":5,"1":5,"2":5,"3":5,"4":5,"5":5,"6":5,"7":5,"8":5,"9":5,"10":5},"f":{"0":5},"b":{}}
,"/home/andrey/programming/projects/TraineeProject/redux/actionCreators/userDataActionCreators.ts": {"path":"/home/andrey/programming/projects/TraineeProject/redux/actionCreators/userDataActionCreators.ts","statementMap":{"0":{"start":{"line":1,"column":0},"end":{"line":1,"column":null}},"1":{"start":{"line":4,"column":2},"end":{"line":4,"column":9}},"2":{"start":{"line":3,"column":0},"end":{"line":3,"column":16}},"3":{"start":{"line":11,"column":2},"end":{"line":11,"column":9}},"4":{"start":{"line":10,"column":0},"end":{"line":10,"column":16}},"5":{"start":{"line":18,"column":2},"end":{"line":18,"column":9}},"6":{"start":{"line":17,"column":0},"end":{"line":17,"column":16}},"7":{"start":{"line":24,"column":2},"end":{"line":24,"column":9}},"8":{"start":{"line":23,"column":0},"end":{"line":23,"column":16}}},"fnMap":{"0":{"name":"setUserData","decl":{"start":{"line":3,"column":16},"end":{"line":3,"column":28}},"loc":{"start":{"line":3,"column":43},"end":{"line":8,"column":null}}},"1":{"name":"setUserDataIntoStore","decl":{"start":{"line":10,"column":16},"end":{"line":10,"column":37}},"loc":{"start":{"line":10,"column":52},"end":{"line":15,"column":null}}},"2":{"name":"logOut","decl":{"start":{"line":17,"column":16},"end":{"line":17,"column":22}},"loc":{"start":{"line":17,"column":22},"end":{"line":21,"column":null}}},"3":{"name":"logOutStore","decl":{"start":{"line":23,"column":16},"end":{"line":23,"column":27}},"loc":{"start":{"line":23,"column":27},"end":{"line":27,"column":null}}}},"branchMap":{},"s":{"0":11,"1":1,"2":11,"3":4,"4":11,"5":1,"6":11,"7":4,"8":11},"f":{"0":1,"1":4,"2":1,"3":4},"b":{}}
,"/home/andrey/programming/projects/TraineeProject/redux/actionTypes/userDataActionType.ts": {"path":"/home/andrey/programming/projects/TraineeProject/redux/actionTypes/userDataActionType.ts","statementMap":{"0":{"start":{"line":1,"column":13},"end":{"line":1,"column":34}},"1":{"start":{"line":7,"column":13},"end":{"line":7,"column":40}},"2":{"start":{"line":13,"column":13},"end":{"line":13,"column":22}},"3":{"start":{"line":18,"column":13},"end":{"line":18,"column":28}}},"fnMap":{},"branchMap":{},"s":{"0":11,"1":11,"2":11,"3":11},"f":{},"b":{}}
,"/home/andrey/programming/projects/TraineeProject/redux/reducers/rootReducer.ts": {"path":"/home/andrey/programming/projects/TraineeProject/redux/reducers/rootReducer.ts","statementMap":{"0":{"start":{"line":1,"column":0},"end":{"line":1,"column":null}},"1":{"start":{"line":2,"column":0},"end":{"line":2,"column":null}},"2":{"start":{"line":4,"column":20},"end":{"line":4,"column":36}},"3":{"start":{"line":10,"column":0},"end":{"line":10,"column":15}}},"fnMap":{},"branchMap":{},"s":{"0":5,"1":5,"2":5,"3":5},"f":{},"b":{}}
,"/home/andrey/programming/projects/TraineeProject/redux/reducers/userData.ts": {"path":"/home/andrey/programming/projects/TraineeProject/redux/reducers/userData.ts","statementMap":{"0":{"start":{"line":1,"column":0},"end":{"line":1,"column":null}},"1":{"start":{"line":2,"column":0},"end":{"line":2,"column":null}},"2":{"start":{"line":4,"column":23},"end":{"line":4,"column":30}},"3":{"start":{"line":14,"column":39},"end":{"line":14,"column":null}},"4":{"start":{"line":25,"column":2},"end":{"line":25,"column":10}},"5":{"start":{"line":26,"column":47},"end":{"line":26,"column":54}},"6":{"start":{"line":27,"column":35},"end":{"line":27,"column":42}},"7":{"start":{"line":29,"column":6},"end":{"line":29,"column":13}},"8":{"start":{"line":21,"column":0},"end":{"line":21,"column":24}}},"fnMap":{"0":{"name":"userDataReducer","decl":{"start":{"line":21,"column":24},"end":{"line":21,"column":null}},"loc":{"start":{"line":23,"column":15},"end":{"line":31,"column":null}}}},"branchMap":{"0":{"loc":{"start":{"line":16,"column":47},"end":{"line":16,"column":81}},"type":"cond-expr","locations":[{"start":{"line":16,"column":47},"end":{"line":16,"column":81}},{"start":{"line":16,"column":81},"end":{"line":16,"column":null}}]},"1":{"loc":{"start":{"line":17,"column":49},"end":{"line":17,"column":85}},"type":"cond-expr","locations":[{"start":{"line":17,"column":49},"end":{"line":17,"column":85}},{"start":{"line":17,"column":85},"end":{"line":17,"column":null}}]},"2":{"loc":{"start":{"line":22,"column":30},"end":{"line":22,"column":null}},"type":"default-arg","locations":[{"start":{"line":22,"column":30},"end":{"line":22,"column":null}}]},"3":{"loc":{"start":{"line":26,"column":4},"end":{"line":26,"column":54}},"type":"switch","locations":[{"start":{"line":26,"column":4},"end":{"line":26,"column":54}},{"start":{"line":27,"column":4},"end":{"line":27,"column":42}},{"start":{"line":28,"column":4},"end":{"line":29,"column":13}}]}},"s":{"0":6,"1":6,"2":6,"3":6,"4":17,"5":1,"6":1,"7":15,"8":6},"f":{"0":17},"b":{"0":[0,6],"1":[0,6],"2":[15],"3":[1,1,15]}}
,"/home/andrey/programming/projects/TraineeProject/redux/saga/rootSaga.ts": {"path":"/home/andrey/programming/projects/TraineeProject/redux/saga/rootSaga.ts","statementMap":{"0":{"start":{"line":1,"column":0},"end":{"line":1,"column":null}},"1":{"start":{"line":2,"column":0},"end":{"line":2,"column":null}},"2":{"start":{"line":4,"column":14},"end":{"line":4,"column":null}},"3":{"start":{"line":9,"column":2},"end":{"line":9,"column":8}},"4":{"start":{"line":8,"column":0},"end":{"line":8,"column":25}}},"fnMap":{"0":{"name":"rootSaga","decl":{"start":{"line":8,"column":25},"end":{"line":8,"column":33}},"loc":{"start":{"line":8,"column":33},"end":{"line":10,"column":null}}}},"branchMap":{},"s":{"0":6,"1":6,"2":6,"3":6,"4":6},"f":{"0":6},"b":{}}
,"/home/andrey/programming/projects/TraineeProject/redux/saga/dataUser/watchDataUser.ts": {"path":"/home/andrey/programming/projects/TraineeProject/redux/saga/dataUser/watchDataUser.ts","statementMap":{"0":{"start":{"line":1,"column":0},"end":{"line":1,"column":null}},"1":{"start":{"line":2,"column":0},"end":{"line":2,"column":null}},"2":{"start":{"line":3,"column":0},"end":{"line":3,"column":null}},"3":{"start":{"line":6,"column":2},"end":{"line":6,"column":8}},"4":{"start":{"line":7,"column":2},"end":{"line":7,"column":8}},"5":{"start":{"line":5,"column":0},"end":{"line":5,"column":25}}},"fnMap":{"0":{"name":"watchDataUser","decl":{"start":{"line":5,"column":25},"end":{"line":5,"column":38}},"loc":{"start":{"line":5,"column":38},"end":{"line":8,"column":null}}}},"branchMap":{},"s":{"0":7,"1":7,"2":7,"3":7,"4":7,"5":7},"f":{"0":7},"b":{}}
,"/home/andrey/programming/projects/TraineeProject/redux/saga/dataUser/workerDataUser.ts": {"path":"/home/andrey/programming/projects/TraineeProject/redux/saga/dataUser/workerDataUser.ts","statementMap":{"0":{"start":{"line":1,"column":0},"end":{"line":1,"column":null}},"1":{"start":{"line":2,"column":0},"end":{"line":2,"column":null}},"2":{"start":{"line":5,"column":2},"end":{"line":5,"column":8}},"3":{"start":{"line":4,"column":0},"end":{"line":4,"column":17}},"4":{"start":{"line":9,"column":2},"end":{"line":9,"column":8}},"5":{"start":{"line":8,"column":0},"end":{"line":8,"column":17}}},"fnMap":{"0":{"name":"setUserAuthData","decl":{"start":{"line":4,"column":17},"end":{"line":4,"column":33}},"loc":{"start":{"line":4,"column":48},"end":{"line":6,"column":null}}},"1":{"name":"logOut","decl":{"start":{"line":8,"column":17},"end":{"line":8,"column":23}},"loc":{"start":{"line":8,"column":23},"end":{"line":10,"column":null}}}},"branchMap":{},"s":{"0":8,"1":8,"2":1,"3":8,"4":1,"5":8},"f":{"0":1,"1":1},"b":{}}
}
