TN:
SF:components/AccountPage/AccountPage.tsx
FN:7,(anonymous_0)
FN:8,(anonymous_1)
FNF:2
FNH:0
FNDA:0,(anonymous_0)
FNDA:0,(anonymous_1)
DA:1,2
DA:2,2
DA:3,2
DA:4,2
DA:5,2
DA:7,2
DA:8,0
DA:9,0
DA:34,2
LF:9
LH:7
BRF:0
BRH:0
end_of_record
TN:
SF:components/AccountPage/styledComponent.ts
FNF:0
FNH:0
DA:1,2
DA:2,2
DA:4,2
DA:12,2
DA:21,2
DA:30,2
DA:40,2
DA:47,2
DA:52,2
DA:60,2
DA:66,2
DA:72,2
DA:79,2
LF:13
LH:13
BRF:0
BRH:0
end_of_record
TN:
SF:components/AuthPage/AuthPage.tsx
FN:5,(anonymous_0)
FNF:1
FNH:0
FNDA:0,(anonymous_0)
DA:1,2
DA:2,2
DA:3,2
DA:5,2
DA:6,0
DA:14,2
LF:6
LH:5
BRF:0
BRH:0
end_of_record
TN:
SF:components/AuthPage/styledComponent.ts
FNF:0
FNH:0
DA:1,2
DA:2,2
DA:4,2
DA:12,2
DA:21,2
DA:27,2
LF:6
LH:6
BRF:0
BRH:0
end_of_record
TN:
SF:components/Header/Header.tsx
FN:11,(anonymous_0)
FN:14,(anonymous_1)
FN:15,(anonymous_2)
FN:17,(anonymous_3)
FN:23,(anonymous_4)
FN:35,(anonymous_5)
FN:48,(anonymous_6)
FNF:7
FNH:0
FNDA:0,(anonymous_0)
FNDA:0,(anonymous_1)
FNDA:0,(anonymous_2)
FNDA:0,(anonymous_3)
FNDA:0,(anonymous_4)
FNDA:0,(anonymous_5)
FNDA:0,(anonymous_6)
DA:1,6
DA:2,6
DA:3,6
DA:4,6
DA:5,6
DA:6,6
DA:7,6
DA:8,6
DA:9,6
DA:11,6
DA:12,0
DA:14,0
DA:15,0
DA:17,0
DA:18,0
DA:19,0
DA:20,0
DA:23,0
DA:24,0
DA:25,0
DA:29,0
DA:30,0
DA:31,0
DA:35,0
DA:36,0
DA:37,0
DA:38,0
DA:42,0
DA:43,0
DA:44,0
DA:48,0
DA:49,0
DA:50,0
DA:69,0
DA:87,0
DA:96,0
DA:105,6
LF:37
LH:11
BRDA:24,0,0,0
BRDA:24,0,1,0
BRDA:31,1,0,0
BRDA:31,1,1,0
BRDA:37,2,0,0
BRDA:37,2,1,0
BRDA:44,3,0,0
BRDA:44,3,1,0
BRDA:50,4,0,0
BRDA:50,4,1,0
BRDA:50,4,2,0
BRF:11
BRH:0
end_of_record
TN:
SF:components/Header/styledComponent.ts
FNF:0
FNH:0
DA:1,6
DA:2,6
DA:4,6
DA:10,6
DA:15,6
LF:5
LH:5
BRF:0
BRH:0
end_of_record
TN:
SF:components/Item/Item.tsx
FN:10,(anonymous_0)
FNF:1
FNH:0
FNDA:0,(anonymous_0)
DA:1,3
DA:2,3
DA:10,3
DA:11,0
DA:21,3
LF:5
LH:4
BRF:0
BRH:0
end_of_record
TN:
SF:components/ListPage/ListPage.tsx
FN:7,(anonymous_0)
FN:14,(anonymous_1)
FNF:2
FNH:0
FNDA:0,(anonymous_0)
FNDA:0,(anonymous_1)
DA:1,2
DA:2,2
DA:3,2
DA:4,2
DA:5,2
DA:7,2
DA:8,0
DA:15,0
DA:24,2
LF:9
LH:7
BRF:0
BRH:0
end_of_record
TN:
SF:components/ListPage/styledComponent.ts
FNF:0
FNH:0
DA:1,2
DA:2,2
DA:4,2
DA:13,2
DA:21,2
DA:30,2
LF:6
LH:6
BRF:0
BRH:0
end_of_record
TN:
SF:mockdata/users.ts
FNF:0
FNH:0
DA:1,2
LF:1
LH:1
BRF:0
BRH:0
end_of_record
TN:
SF:pages/account.tsx
FN:4,(anonymous_0)
FNF:1
FNH:1
FNDA:1,(anonymous_0)
DA:1,1
DA:2,1
DA:4,1
DA:6,1
LF:4
LH:4
BRF:0
BRH:0
end_of_record
TN:
SF:pages/auth.tsx
FN:3,(anonymous_0)
FNF:1
FNH:1
FNDA:1,(anonymous_0)
DA:1,1
DA:2,1
DA:3,1
DA:4,1
LF:4
LH:4
BRF:0
BRH:0
end_of_record
TN:
SF:pages/list.tsx
FN:4,(anonymous_0)
FNF:1
FNH:1
FNDA:1,(anonymous_0)
DA:1,1
DA:2,1
DA:4,1
DA:6,1
LF:4
LH:4
BRF:0
BRH:0
end_of_record
TN:
SF:redux/configureStore.ts
FN:9,(anonymous_0)
FNF:1
FNH:1
FNDA:5,(anonymous_0)
DA:1,5
DA:2,5
DA:3,5
DA:4,5
DA:5,5
DA:7,5
DA:9,5
DA:10,5
DA:11,5
DA:12,5
DA:15,5
LF:11
LH:11
BRF:0
BRH:0
end_of_record
TN:
SF:redux/actionCreators/userDataActionCreators.ts
FN:3,setUserData
FN:10,setUserDataIntoStore
FN:17,logOut
FN:23,logOutStore
FNF:4
FNH:4
FNDA:1,setUserData
FNDA:4,setUserDataIntoStore
FNDA:1,logOut
FNDA:4,logOutStore
DA:1,11
DA:3,11
DA:4,1
DA:10,11
DA:11,4
DA:17,11
DA:18,1
DA:23,11
DA:24,4
LF:9
LH:9
BRF:0
BRH:0
end_of_record
TN:
SF:redux/actionTypes/userDataActionType.ts
FNF:0
FNH:0
DA:1,11
DA:7,11
DA:13,11
DA:18,11
LF:4
LH:4
BRF:0
BRH:0
end_of_record
TN:
SF:redux/reducers/rootReducer.ts
FNF:0
FNH:0
DA:1,5
DA:2,5
DA:4,5
DA:10,5
LF:4
LH:4
BRF:0
BRH:0
end_of_record
TN:
SF:redux/reducers/userData.ts
FN:21,userDataReducer
FNF:1
FNH:1
FNDA:17,userDataReducer
DA:1,6
DA:2,6
DA:4,6
DA:14,6
DA:21,6
DA:25,17
DA:26,1
DA:27,1
DA:29,15
LF:9
LH:9
BRDA:16,0,0,0
BRDA:16,0,1,6
BRDA:17,1,0,0
BRDA:17,1,1,6
BRDA:22,2,0,15
BRDA:26,3,0,1
BRDA:26,3,1,1
BRDA:26,3,2,15
BRF:8
BRH:6
end_of_record
TN:
SF:redux/saga/rootSaga.ts
FN:8,rootSaga
FNF:1
FNH:1
FNDA:6,rootSaga
DA:1,6
DA:2,6
DA:4,6
DA:8,6
DA:9,6
LF:5
LH:5
BRF:0
BRH:0
end_of_record
TN:
SF:redux/saga/dataUser/watchDataUser.ts
FN:5,watchDataUser
FNF:1
FNH:1
FNDA:7,watchDataUser
DA:1,7
DA:2,7
DA:3,7
DA:5,7
DA:6,7
DA:7,7
LF:6
LH:6
BRF:0
BRH:0
end_of_record
TN:
SF:redux/saga/dataUser/workerDataUser.ts
FN:4,setUserAuthData
FN:8,logOut
FNF:2
FNH:2
FNDA:1,setUserAuthData
FNDA:1,logOut
DA:1,8
DA:2,8
DA:4,8
DA:5,1
DA:8,8
DA:9,1
LF:6
LH:6
BRF:0
BRH:0
end_of_record
